[INFO ] 29-01-2024 11:17:08 [main] [Log] - 
---------------------------------------------------------------
TestListener: TESTING FOR TEST SUITE: Default Suite
---------------------------------------------------------------
[INFO ] 29-01-2024 11:17:08 [main] [Log] - TestBase: beforeSuite
[INFO ] 29-01-2024 11:17:10 [main] [WebDriverManager] - Using chromedriver 121.0.6167.85 (resolved driver for Chrome 121)
[INFO ] 29-01-2024 11:17:10 [main] [WebDriverManager] - Reading https://chromedriver.storage.googleapis.com/ to seek chromedriver
[INFO ] 29-01-2024 11:17:11 [main] [Downloader] - Downloading https://edgedl.me.gvt1.com/edgedl/chrome/chrome-for-testing/121.0.6167.85/mac-x64/chromedriver-mac-x64.zip
[INFO ] 29-01-2024 11:17:13 [main] [Downloader] - Extracting driver from compressed file chromedriver-mac-x64.zip
[INFO ] 29-01-2024 11:17:13 [main] [WebDriverManager] - Exporting webdriver.chrome.driver as /Users/apple/.cache/selenium/chromedriver/mac64/121.0.6167.85/chromedriver
[INFO ] 29-01-2024 11:17:20 [main] [Log] - Actual URL: https://demo.nopcommerce.com/
[INFO ] 29-01-2024 11:17:20 [main] [Log] - waitForElementClickable: Element //a[text()='Register'] : clickable
[INFO ] 29-01-2024 11:17:21 [main] [Log] - waitForElementVisibleWithBy: Element By.xpath: //h1[text()='Register'] : visible
[INFO ] 29-01-2024 11:17:21 [main] [Log] - 
---------------------------------------------------------------
TestListener: START TC:  TC_01
[INFO ] 29-01-2024 11:17:26 [main] [Log] - waitForElementClickable: Element //label[text()='Male'] : clickable
[INFO ] 29-01-2024 11:17:26 [main] [Log] - waitForElementVisibleWithBy: Element By.xpath: //input[@name='FirstName'] : visible
[INFO ] 29-01-2024 11:17:26 [main] [Log] - waitForElementVisibleWithBy: Element By.xpath: //input[@name='LastName'] : visible
[INFO ] 29-01-2024 11:17:26 [main] [Log] - waitForElementVisibleWithBy: Element By.xpath: //input[@name='Email'] : visible
[INFO ] 29-01-2024 11:17:26 [main] [Log] - waitForElementVisibleWithBy: Element By.xpath: //input[@name='Company'] : visible
[INFO ] 29-01-2024 11:17:26 [main] [Log] - waitForElementVisibleWithBy: Element By.xpath: //input[@name='Password'] : visible
[INFO ] 29-01-2024 11:17:26 [main] [Log] - waitForElementVisibleWithBy: Element By.xpath: //input[@name='ConfirmPassword'] : visible
[INFO ] 29-01-2024 11:17:26 [main] [Log] - waitForElementVisibleWithBy: Element By.xpath: //label[text()='First name:']//following::span[text()='First name is required.'] : visible
[INFO ] 29-01-2024 11:17:26 [main] [Log] - waitForElementVisibleWithBy: Element By.xpath: //label[text()='Last name:']//following::span[text()='Last name is required.'] : visible
[INFO ] 29-01-2024 11:17:26 [main] [Log] - waitForElementVisibleWithBy: Element By.xpath: //label[text()='Email:']//following::span[text()='Email is required.'] : visible
[INFO ] 29-01-2024 11:17:26 [main] [Log] - waitForElementVisibleWithBy: Element By.xpath: //label[text()='Password:']//following::span[text()='Password is required.'] : visible
[INFO ] 29-01-2024 11:17:26 [main] [Log] - waitForElementVisibleWithBy: Element By.xpath: //label[text()='Confirm password:']//following::span[text()='Password is required.'] : visible
[ERROR] 29-01-2024 11:17:37 [main] [Log] - waitForElementVisibleWithBy: Element By.xpath: //label[text()='Email:']//following::span[text()='Wrong email'] : invisible 
[INFO ] 29-01-2024 11:17:37 [main] [Log] - 
TestListener: COMPLETED TC: TC_01 - PASS 
---------------------------------------------------------------
[INFO ] 29-01-2024 11:17:37 [main] [Log] - 
---------------------------------------------------------------
TestListener: START TC:  TC_02
[INFO ] 29-01-2024 11:17:42 [main] [Log] - waitForElementClickable: Element //label[text()='Male'] : clickable
[INFO ] 29-01-2024 11:17:42 [main] [Log] - waitForElementVisibleWithBy: Element By.xpath: //input[@name='FirstName'] : visible
[INFO ] 29-01-2024 11:17:42 [main] [Log] - waitForElementVisibleWithBy: Element By.xpath: //input[@name='LastName'] : visible
[INFO ] 29-01-2024 11:17:42 [main] [Log] - waitForElementVisibleWithBy: Element By.xpath: //input[@name='Email'] : visible
[INFO ] 29-01-2024 11:17:42 [main] [Log] - waitForElementVisibleWithBy: Element By.xpath: //input[@name='Company'] : visible
[INFO ] 29-01-2024 11:17:42 [main] [Log] - waitForElementVisibleWithBy: Element By.xpath: //input[@name='Password'] : visible
[INFO ] 29-01-2024 11:17:42 [main] [Log] - waitForElementVisibleWithBy: Element By.xpath: //input[@name='ConfirmPassword'] : visible
[INFO ] 29-01-2024 11:17:42 [main] [Log] - waitForElementVisibleWithBy: Element By.xpath: //label[text()='First name:']//following::span[text()='First name is required.'] : visible
[INFO ] 29-01-2024 11:17:42 [main] [Log] - waitForElementVisibleWithBy: Element By.xpath: //label[text()='Last name:']//following::span[text()='Last name is required.'] : visible
[ERROR] 29-01-2024 11:17:53 [main] [Log] - waitForElementVisibleWithBy: Element By.xpath: //label[text()='Email:']//following::span[text()='Email is required.'] : invisible 
[INFO ] 29-01-2024 11:17:53 [main] [Log] - waitForElementVisibleWithBy: Element By.xpath: //label[text()='Password:']//following::span[text()='Password is required.'] : visible
[INFO ] 29-01-2024 11:17:53 [main] [Log] - waitForElementVisibleWithBy: Element By.xpath: //label[text()='Confirm password:']//following::span[text()='Password is required.'] : visible
[INFO ] 29-01-2024 11:17:53 [main] [Log] - waitForElementVisibleWithBy: Element By.xpath: //label[text()='Email:']//following::span[text()='Wrong email'] : visible
[INFO ] 29-01-2024 11:17:53 [main] [Log] - 
TestListener: COMPLETED TC: TC_02 - PASS 
---------------------------------------------------------------
[INFO ] 29-01-2024 11:17:53 [main] [Log] - 
---------------------------------------------------------------
TestListener: START TC:  TC_03
[INFO ] 29-01-2024 11:17:58 [main] [Log] - waitForElementClickable: Element //label[text()='Male'] : clickable
[INFO ] 29-01-2024 11:17:58 [main] [Log] - waitForElementVisibleWithBy: Element By.xpath: //input[@name='FirstName'] : visible
[INFO ] 29-01-2024 11:17:58 [main] [Log] - waitForElementVisibleWithBy: Element By.xpath: //input[@name='LastName'] : visible
[INFO ] 29-01-2024 11:17:58 [main] [Log] - waitForElementVisibleWithBy: Element By.xpath: //input[@name='Email'] : visible
[INFO ] 29-01-2024 11:17:59 [main] [Log] - waitForElementVisibleWithBy: Element By.xpath: //input[@name='Company'] : visible
[INFO ] 29-01-2024 11:17:59 [main] [Log] - waitForElementVisibleWithBy: Element By.xpath: //input[@name='Password'] : visible
[INFO ] 29-01-2024 11:17:59 [main] [Log] - waitForElementVisibleWithBy: Element By.xpath: //input[@name='ConfirmPassword'] : visible
[INFO ] 29-01-2024 11:18:00 [main] [Log] - waitForElementVisibleWithBy: Element By.xpath: //li[text()='The specified email already exists'] : visible
[INFO ] 29-01-2024 11:18:00 [main] [Log] - 
TestListener: COMPLETED TC: TC_03 - PASS 
---------------------------------------------------------------
[INFO ] 29-01-2024 11:18:00 [main] [Log] - 
---------------------------------------------------------------
TestListener: START TC:  TC_04
[INFO ] 29-01-2024 11:18:00 [main] [Log] - waitForElementVisibleWithBy: Element By.xpath: //input[@name='Password'] : visible
[INFO ] 29-01-2024 11:18:00 [main] [Log] - waitForElementVisibleWithBy: Element By.xpath: //input[@name='ConfirmPassword'] : visible
[ERROR] 29-01-2024 11:18:11 [main] [Log] - waitForElementVisibleWithBy: Element By.xpath: //p[text()='Password must meet the following rules:'] : invisible 
[INFO ] 29-01-2024 11:18:11 [main] [Log] - waitForElementVisibleWithBy: Element By.xpath: //li[text()='must have at least 6 characters'] : visible
[ERROR] 29-01-2024 11:18:21 [main] [Log] - waitForElementVisibleWithBy: Element By.xpath: //label[text()='Confirm password:']//following::span[text()='The password and confirmation password do not match.'] : invisible 
[INFO ] 29-01-2024 11:18:21 [main] [Log] - 
TestListener: COMPLETED TC: TC_04 - PASS 
---------------------------------------------------------------
[INFO ] 29-01-2024 11:18:21 [main] [Log] - 
---------------------------------------------------------------
TestListener: START TC:  TC_05
[INFO ] 29-01-2024 11:18:26 [main] [Log] - waitForElementVisibleWithBy: Element By.xpath: //input[@name='Password'] : visible
[INFO ] 29-01-2024 11:18:27 [main] [Log] - waitForElementVisibleWithBy: Element By.xpath: //input[@name='ConfirmPassword'] : visible
[INFO ] 29-01-2024 11:18:27 [main] [Log] - waitForElementVisibleWithBy: Element By.xpath: //label[text()='Confirm password:']//following::span[text()='The password and confirmation password do not match.'] : visible
[INFO ] 29-01-2024 11:18:27 [main] [Log] - 
TestListener: COMPLETED TC: TC_05 - PASS 
---------------------------------------------------------------
[INFO ] 29-01-2024 11:18:27 [main] [Log] - 
---------------------------------------------------------------
TestListener: START TC:  TC_06
[INFO ] 29-01-2024 11:18:27 [main] [Log] - waitForElementClickable: Element //label[text()='Male'] : clickable
[INFO ] 29-01-2024 11:18:27 [main] [Log] - waitForElementVisibleWithBy: Element By.xpath: //input[@name='FirstName'] : visible
[INFO ] 29-01-2024 11:18:28 [main] [Log] - waitForElementVisibleWithBy: Element By.xpath: //input[@name='LastName'] : visible
[INFO ] 29-01-2024 11:18:28 [main] [Log] - waitForElementVisibleWithBy: Element By.xpath: //input[@name='Email'] : visible
[INFO ] 29-01-2024 11:18:28 [main] [Log] - waitForElementVisibleWithBy: Element By.xpath: //input[@name='Company'] : visible
[INFO ] 29-01-2024 11:18:29 [main] [Log] - waitForElementClickable: Element //label[text()='Newsletter:'] : clickable
[INFO ] 29-01-2024 11:18:29 [main] [Log] - waitForElementVisibleWithBy: Element By.xpath: //input[@name='Password'] : visible
[INFO ] 29-01-2024 11:18:29 [main] [Log] - waitForElementVisibleWithBy: Element By.xpath: //input[@name='ConfirmPassword'] : visible
[INFO ] 29-01-2024 11:18:34 [main] [Log] - 
TestListener: COMPLETED TC: TC_06 - PASS 
---------------------------------------------------------------
[INFO ] 29-01-2024 11:18:34 [main] [Log] - TestBase: Close Driver 
[WARN ] 29-01-2024 11:18:34 [AsyncHttpClient-1-4] [WebSocketHandler] - onError
java.net.SocketException: Connection reset
	at sun.nio.ch.SocketChannelImpl.throwConnectionReset(SocketChannelImpl.java:394) ~[?:?]
	at sun.nio.ch.SocketChannelImpl.read(SocketChannelImpl.java:426) ~[?:?]
	at io.netty.buffer.PooledByteBuf.setBytes(PooledByteBuf.java:256) ~[netty-buffer-4.1.90.Final.jar:4.1.90.Final]
	at io.netty.buffer.AbstractByteBuf.writeBytes(AbstractByteBuf.java:1132) ~[netty-buffer-4.1.90.Final.jar:4.1.90.Final]
	at io.netty.channel.socket.nio.NioSocketChannel.doReadBytes(NioSocketChannel.java:357) ~[netty-transport-4.1.90.Final.jar:4.1.90.Final]
	at io.netty.channel.nio.AbstractNioByteChannel$NioByteUnsafe.read(AbstractNioByteChannel.java:151) ~[netty-transport-4.1.90.Final.jar:4.1.90.Final]
	at io.netty.channel.nio.NioEventLoop.processSelectedKey(NioEventLoop.java:788) ~[netty-transport-4.1.90.Final.jar:4.1.90.Final]
	at io.netty.channel.nio.NioEventLoop.processSelectedKeysOptimized(NioEventLoop.java:724) ~[netty-transport-4.1.90.Final.jar:4.1.90.Final]
	at io.netty.channel.nio.NioEventLoop.processSelectedKeys(NioEventLoop.java:650) ~[netty-transport-4.1.90.Final.jar:4.1.90.Final]
	at io.netty.channel.nio.NioEventLoop.run(NioEventLoop.java:562) ~[netty-transport-4.1.90.Final.jar:4.1.90.Final]
	at io.netty.util.concurrent.SingleThreadEventExecutor$4.run(SingleThreadEventExecutor.java:997) ~[netty-common-4.1.90.Final.jar:4.1.90.Final]
	at io.netty.util.internal.ThreadExecutorMap$2.run(ThreadExecutorMap.java:74) ~[netty-common-4.1.90.Final.jar:4.1.90.Final]
	at io.netty.util.concurrent.FastThreadLocalRunnable.run(FastThreadLocalRunnable.java:30) ~[netty-common-4.1.90.Final.jar:4.1.90.Final]
	at java.lang.Thread.run(Thread.java:833) ~[?:?]
[INFO ] 29-01-2024 11:18:34 [main] [Log] - 
TestListener: FINISH TESTING FOR TEST SUITE: Default Suite 
---------------------------------------------------------------
[INFO ] 29-01-2024 11:21:31 [main] [Log] - 
---------------------------------------------------------------
TestListener: TESTING FOR TEST SUITE: Default Suite
---------------------------------------------------------------
[INFO ] 29-01-2024 11:21:31 [main] [Log] - TestBase: beforeSuite
[INFO ] 29-01-2024 11:21:31 [main] [WebDriverManager] - Using chromedriver 121.0.6167.85 (resolved driver for Chrome 121)
[INFO ] 29-01-2024 11:21:31 [main] [WebDriverManager] - Exporting webdriver.chrome.driver as /Users/apple/.cache/selenium/chromedriver/mac64/121.0.6167.85/chromedriver
[INFO ] 29-01-2024 11:21:38 [main] [Log] - Actual URL: https://demo.nopcommerce.com/
[INFO ] 29-01-2024 11:21:38 [main] [Log] - waitForElementClickable: Element //a[text()='Log in'] : clickable
[INFO ] 29-01-2024 11:21:39 [main] [Log] - waitForElementVisibleWithBy: Element By.xpath: //h1[text()='Welcome, Please Sign In!'] : visible
[INFO ] 29-01-2024 11:21:39 [main] [Log] - 
---------------------------------------------------------------
TestListener: START TC:  TC_01
[INFO ] 29-01-2024 11:21:44 [main] [Log] - waitForElementVisibleWithBy: Element By.xpath: //input[@name='Email'] : visible
[INFO ] 29-01-2024 11:21:44 [main] [Log] - waitForElementVisibleWithBy: Element By.xpath: //input[@name='Password'] : visible
[INFO ] 29-01-2024 11:21:44 [main] [Log] - waitForElementVisibleWithBy: Element By.xpath: //label[text()='Email:']//following::span[text()='Please enter your email'] : visible
[INFO ] 29-01-2024 11:21:44 [main] [Log] - 
TestListener: COMPLETED TC: TC_01 - PASS 
---------------------------------------------------------------
[INFO ] 29-01-2024 11:21:45 [main] [Log] - 
---------------------------------------------------------------
TestListener: START TC:  TC_02
[INFO ] 29-01-2024 11:21:45 [main] [Log] - waitForElementVisibleWithBy: Element By.xpath: //input[@name='Email'] : visible
[INFO ] 29-01-2024 11:21:45 [main] [Log] - waitForElementVisibleWithBy: Element By.xpath: //input[@name='Password'] : visible
[INFO ] 29-01-2024 11:21:45 [main] [Log] - waitForElementVisibleWithBy: Element By.xpath: //label[text()='Email:']//following::span[text()='Wrong email'] : visible
[INFO ] 29-01-2024 11:21:45 [main] [Log] - 
TestListener: COMPLETED TC: TC_02 - PASS 
---------------------------------------------------------------
[INFO ] 29-01-2024 11:21:46 [main] [Log] - 
---------------------------------------------------------------
TestListener: START TC:  TC_03
[INFO ] 29-01-2024 11:21:46 [main] [Log] - waitForElementVisibleWithBy: Element By.xpath: //input[@name='Email'] : visible
[INFO ] 29-01-2024 11:21:46 [main] [Log] - waitForElementVisibleWithBy: Element By.xpath: //input[@name='Password'] : visible
[INFO ] 29-01-2024 11:21:47 [main] [Log] - waitForElementVisibleWithBy: Element By.xpath: //div[text()='Login was unsuccessful. Please correct the errors and try again.'] : visible
[INFO ] 29-01-2024 11:21:47 [main] [Log] - waitForElementVisibleWithBy: Element By.xpath: //li[text()='No customer account found'] : visible
[INFO ] 29-01-2024 11:21:47 [main] [Log] - 
TestListener: COMPLETED TC: TC_03 - PASS 
---------------------------------------------------------------
[INFO ] 29-01-2024 11:21:47 [main] [Log] - 
---------------------------------------------------------------
TestListener: START TC:  TC_04
[INFO ] 29-01-2024 11:21:47 [main] [Log] - waitForElementVisibleWithBy: Element By.xpath: //input[@name='Email'] : visible
[INFO ] 29-01-2024 11:21:47 [main] [Log] - waitForElementVisibleWithBy: Element By.xpath: //input[@name='Password'] : visible
[INFO ] 29-01-2024 11:21:48 [main] [Log] - waitForElementVisibleWithBy: Element By.xpath: //div[text()='Login was unsuccessful. Please correct the errors and try again.'] : visible
[ERROR] 29-01-2024 11:21:58 [main] [Log] - waitForElementVisibleWithBy: Element By.xpath: //li[text()='No customer account found'] : invisible 
[INFO ] 29-01-2024 11:21:58 [main] [Log] - 
TestListener: COMPLETED TC: TC_04 - PASS 
---------------------------------------------------------------
[INFO ] 29-01-2024 11:21:58 [main] [Log] - 
---------------------------------------------------------------
TestListener: START TC:  TC_05
[INFO ] 29-01-2024 11:22:03 [main] [Log] - waitForElementVisibleWithBy: Element By.xpath: //input[@name='Email'] : visible
[INFO ] 29-01-2024 11:22:09 [main] [Log] - waitForElementVisibleWithBy: Element By.xpath: //input[@name='Password'] : visible
[INFO ] 29-01-2024 11:22:14 [main] [Log] - waitForElementVisibleWithBy: Element By.xpath: //div[text()='Login was unsuccessful. Please correct the errors and try again.'] : visible
[ERROR] 29-01-2024 11:22:24 [main] [Log] - waitForElementVisibleWithBy: Element By.xpath: //li[text()='No customer account found'] : invisible 
[INFO ] 29-01-2024 11:22:24 [main] [Log] - 
TestListener: COMPLETED TC: TC_05 - PASS 
---------------------------------------------------------------
[INFO ] 29-01-2024 11:22:24 [main] [Log] - 
---------------------------------------------------------------
TestListener: START TC:  TC_06
[INFO ] 29-01-2024 11:22:29 [main] [Log] - waitForElementVisibleWithBy: Element By.xpath: //input[@name='Email'] : visible
[INFO ] 29-01-2024 11:22:29 [main] [Log] - waitForElementVisibleWithBy: Element By.xpath: //input[@name='Password'] : visible
[INFO ] 29-01-2024 11:22:30 [main] [Log] - 
TestListener: COMPLETED TC: TC_06 - PASS 
---------------------------------------------------------------
[INFO ] 29-01-2024 11:22:30 [main] [Log] - TestBase: Close Driver 
[WARN ] 29-01-2024 11:22:30 [AsyncHttpClient-1-4] [WebSocketHandler] - onError
java.net.SocketException: Connection reset
	at sun.nio.ch.SocketChannelImpl.throwConnectionReset(SocketChannelImpl.java:394) ~[?:?]
	at sun.nio.ch.SocketChannelImpl.read(SocketChannelImpl.java:426) ~[?:?]
	at io.netty.buffer.PooledByteBuf.setBytes(PooledByteBuf.java:256) ~[netty-buffer-4.1.90.Final.jar:4.1.90.Final]
	at io.netty.buffer.AbstractByteBuf.writeBytes(AbstractByteBuf.java:1132) ~[netty-buffer-4.1.90.Final.jar:4.1.90.Final]
	at io.netty.channel.socket.nio.NioSocketChannel.doReadBytes(NioSocketChannel.java:357) ~[netty-transport-4.1.90.Final.jar:4.1.90.Final]
	at io.netty.channel.nio.AbstractNioByteChannel$NioByteUnsafe.read(AbstractNioByteChannel.java:151) ~[netty-transport-4.1.90.Final.jar:4.1.90.Final]
	at io.netty.channel.nio.NioEventLoop.processSelectedKey(NioEventLoop.java:788) ~[netty-transport-4.1.90.Final.jar:4.1.90.Final]
	at io.netty.channel.nio.NioEventLoop.processSelectedKeysOptimized(NioEventLoop.java:724) ~[netty-transport-4.1.90.Final.jar:4.1.90.Final]
	at io.netty.channel.nio.NioEventLoop.processSelectedKeys(NioEventLoop.java:650) ~[netty-transport-4.1.90.Final.jar:4.1.90.Final]
	at io.netty.channel.nio.NioEventLoop.run(NioEventLoop.java:562) ~[netty-transport-4.1.90.Final.jar:4.1.90.Final]
	at io.netty.util.concurrent.SingleThreadEventExecutor$4.run(SingleThreadEventExecutor.java:997) ~[netty-common-4.1.90.Final.jar:4.1.90.Final]
	at io.netty.util.internal.ThreadExecutorMap$2.run(ThreadExecutorMap.java:74) ~[netty-common-4.1.90.Final.jar:4.1.90.Final]
	at io.netty.util.concurrent.FastThreadLocalRunnable.run(FastThreadLocalRunnable.java:30) ~[netty-common-4.1.90.Final.jar:4.1.90.Final]
	at java.lang.Thread.run(Thread.java:833) ~[?:?]
[INFO ] 29-01-2024 11:22:31 [main] [Log] - 
TestListener: FINISH TESTING FOR TEST SUITE: Default Suite 
---------------------------------------------------------------
[INFO ] 29-01-2024 11:24:03 [main] [Log] - 
---------------------------------------------------------------
TestListener: TESTING FOR TEST SUITE: Default Suite
---------------------------------------------------------------
[INFO ] 29-01-2024 11:24:03 [main] [Log] - TestBase: beforeSuite
[INFO ] 29-01-2024 11:24:04 [main] [WebDriverManager] - Using chromedriver 121.0.6167.85 (resolved driver for Chrome 121)
[INFO ] 29-01-2024 11:24:04 [main] [WebDriverManager] - Exporting webdriver.chrome.driver as /Users/apple/.cache/selenium/chromedriver/mac64/121.0.6167.85/chromedriver
[INFO ] 29-01-2024 11:24:10 [main] [Log] - Actual URL: https://demo.nopcommerce.com/
[INFO ] 29-01-2024 11:24:10 [main] [Log] - waitForElementClickable: Element //a[text()='Log in'] : clickable
[INFO ] 29-01-2024 11:24:11 [main] [Log] - waitForElementVisibleWithBy: Element By.xpath: //h1[text()='Welcome, Please Sign In!'] : visible
[INFO ] 29-01-2024 11:24:11 [main] [Log] - 
---------------------------------------------------------------
TestListener: START TC:  TC_01
[INFO ] 29-01-2024 11:24:16 [main] [Log] - waitForElementVisibleWithBy: Element By.xpath: //input[@name='Email'] : visible
[INFO ] 29-01-2024 11:24:16 [main] [Log] - waitForElementVisibleWithBy: Element By.xpath: //input[@name='Password'] : visible
[INFO ] 29-01-2024 11:24:16 [main] [Log] - waitForElementVisibleWithBy: Element By.xpath: //label[text()='Email:']//following::span[text()='Please enter your email'] : visible
[INFO ] 29-01-2024 11:24:16 [main] [Log] - 
TestListener: COMPLETED TC: TC_01 - PASS 
---------------------------------------------------------------
[INFO ] 29-01-2024 11:24:17 [main] [Log] - 
---------------------------------------------------------------
TestListener: START TC:  TC_02
[INFO ] 29-01-2024 11:24:17 [main] [Log] - waitForElementVisibleWithBy: Element By.xpath: //input[@name='Email'] : visible
[INFO ] 29-01-2024 11:24:17 [main] [Log] - waitForElementVisibleWithBy: Element By.xpath: //input[@name='Password'] : visible
[INFO ] 29-01-2024 11:24:18 [main] [Log] - waitForElementVisibleWithBy: Element By.xpath: //label[text()='Email:']//following::span[text()='Wrong email'] : visible
[INFO ] 29-01-2024 11:24:18 [main] [Log] - 
TestListener: COMPLETED TC: TC_02 - PASS 
---------------------------------------------------------------
[INFO ] 29-01-2024 11:24:18 [main] [Log] - 
---------------------------------------------------------------
TestListener: START TC:  TC_03
[INFO ] 29-01-2024 11:24:18 [main] [Log] - waitForElementVisibleWithBy: Element By.xpath: //input[@name='Email'] : visible
[INFO ] 29-01-2024 11:24:18 [main] [Log] - waitForElementVisibleWithBy: Element By.xpath: //input[@name='Password'] : visible
[INFO ] 29-01-2024 11:24:19 [main] [Log] - waitForElementVisibleWithBy: Element By.xpath: //div[text()='Login was unsuccessful. Please correct the errors and try again.'] : visible
[INFO ] 29-01-2024 11:24:19 [main] [Log] - waitForElementVisibleWithBy: Element By.xpath: //li[text()='No customer account found'] : visible
[INFO ] 29-01-2024 11:24:19 [main] [Log] - 
TestListener: COMPLETED TC: TC_03 - PASS 
---------------------------------------------------------------
[INFO ] 29-01-2024 11:24:19 [main] [Log] - 
---------------------------------------------------------------
TestListener: START TC:  TC_04
[INFO ] 29-01-2024 11:24:19 [main] [Log] - waitForElementVisibleWithBy: Element By.xpath: //input[@name='Email'] : visible
[INFO ] 29-01-2024 11:24:19 [main] [Log] - waitForElementVisibleWithBy: Element By.xpath: //input[@name='Password'] : visible
[INFO ] 29-01-2024 11:24:20 [main] [Log] - waitForElementVisibleWithBy: Element By.xpath: //div[text()='Login was unsuccessful. Please correct the errors and try again.'] : visible
[INFO ] 29-01-2024 11:24:20 [main] [Log] - waitForElementVisibleWithBy: Element By.xpath: //li[text()='The credentials provided are incorrect'] : visible
[INFO ] 29-01-2024 11:24:20 [main] [Log] - 
TestListener: COMPLETED TC: TC_04 - PASS 
---------------------------------------------------------------
[INFO ] 29-01-2024 11:24:20 [main] [Log] - 
---------------------------------------------------------------
TestListener: START TC:  TC_05
[INFO ] 29-01-2024 11:24:20 [main] [Log] - waitForElementVisibleWithBy: Element By.xpath: //input[@name='Email'] : visible
[INFO ] 29-01-2024 11:24:21 [main] [Log] - waitForElementVisibleWithBy: Element By.xpath: //input[@name='Password'] : visible
[INFO ] 29-01-2024 11:24:21 [main] [Log] - waitForElementVisibleWithBy: Element By.xpath: //div[text()='Login was unsuccessful. Please correct the errors and try again.'] : visible
[INFO ] 29-01-2024 11:24:21 [main] [Log] - waitForElementVisibleWithBy: Element By.xpath: //li[text()='The credentials provided are incorrect'] : visible
[INFO ] 29-01-2024 11:24:21 [main] [Log] - 
TestListener: COMPLETED TC: TC_05 - PASS 
---------------------------------------------------------------
[INFO ] 29-01-2024 11:24:22 [main] [Log] - 
---------------------------------------------------------------
TestListener: START TC:  TC_06
[INFO ] 29-01-2024 11:24:27 [main] [Log] - waitForElementVisibleWithBy: Element By.xpath: //input[@name='Email'] : visible
[INFO ] 29-01-2024 11:24:27 [main] [Log] - waitForElementVisibleWithBy: Element By.xpath: //input[@name='Password'] : visible
[INFO ] 29-01-2024 11:24:28 [main] [Log] - 
TestListener: COMPLETED TC: TC_06 - PASS 
---------------------------------------------------------------
[INFO ] 29-01-2024 11:24:28 [main] [Log] - TestBase: Close Driver 
[WARN ] 29-01-2024 11:24:28 [AsyncHttpClient-1-4] [WebSocketHandler] - onError
java.net.SocketException: Connection reset
	at sun.nio.ch.SocketChannelImpl.throwConnectionReset(SocketChannelImpl.java:394) ~[?:?]
	at sun.nio.ch.SocketChannelImpl.read(SocketChannelImpl.java:426) ~[?:?]
	at io.netty.buffer.PooledByteBuf.setBytes(PooledByteBuf.java:256) ~[netty-buffer-4.1.90.Final.jar:4.1.90.Final]
	at io.netty.buffer.AbstractByteBuf.writeBytes(AbstractByteBuf.java:1132) ~[netty-buffer-4.1.90.Final.jar:4.1.90.Final]
	at io.netty.channel.socket.nio.NioSocketChannel.doReadBytes(NioSocketChannel.java:357) ~[netty-transport-4.1.90.Final.jar:4.1.90.Final]
	at io.netty.channel.nio.AbstractNioByteChannel$NioByteUnsafe.read(AbstractNioByteChannel.java:151) ~[netty-transport-4.1.90.Final.jar:4.1.90.Final]
	at io.netty.channel.nio.NioEventLoop.processSelectedKey(NioEventLoop.java:788) ~[netty-transport-4.1.90.Final.jar:4.1.90.Final]
	at io.netty.channel.nio.NioEventLoop.processSelectedKeysOptimized(NioEventLoop.java:724) ~[netty-transport-4.1.90.Final.jar:4.1.90.Final]
	at io.netty.channel.nio.NioEventLoop.processSelectedKeys(NioEventLoop.java:650) ~[netty-transport-4.1.90.Final.jar:4.1.90.Final]
	at io.netty.channel.nio.NioEventLoop.run(NioEventLoop.java:562) ~[netty-transport-4.1.90.Final.jar:4.1.90.Final]
	at io.netty.util.concurrent.SingleThreadEventExecutor$4.run(SingleThreadEventExecutor.java:997) ~[netty-common-4.1.90.Final.jar:4.1.90.Final]
	at io.netty.util.internal.ThreadExecutorMap$2.run(ThreadExecutorMap.java:74) ~[netty-common-4.1.90.Final.jar:4.1.90.Final]
	at io.netty.util.concurrent.FastThreadLocalRunnable.run(FastThreadLocalRunnable.java:30) ~[netty-common-4.1.90.Final.jar:4.1.90.Final]
	at java.lang.Thread.run(Thread.java:833) ~[?:?]
[INFO ] 29-01-2024 11:24:28 [main] [Log] - 
TestListener: FINISH TESTING FOR TEST SUITE: Default Suite 
---------------------------------------------------------------
